<?xml version="1.0" encoding="UTF-8"?>
<testsuite xmlns:xsi="http://www.w3.org/2001/XMLSchema-instance" xsi:noNamespaceSchemaLocation="https://maven.apache.org/surefire/maven-surefire-plugin/xsd/surefire-test-report-3.0.xsd" version="3.0" name="com.example.ArticleServletTest" time="1.2" tests="3" errors="0" skipped="0" failures="0">
  <properties>
[...]
</properties>
  <testcase name="testRefUniqueConstraint" classname="com.example.ArticleServletTest" time="1.021"/>
  <testcase name="testInsertAndRetrieveArticle" classname="com.example.ArticleServletTest" time="0.041"/>
  <testcase name="testQuantiteIsNotZero" classname="com.example.ArticleServletTest" time="0.004"/>
</testsuite>