<?xml version="1.0" encoding="UTF-8"?>
<testsuite xmlns:xsi="http://www.w3.org/2001/XMLSchema-instance" xsi:noNamespaceSchemaLocation="https://maven.apache.org/surefire/maven-surefire-plugin/xsd/surefire-test-report-3.0.xsd" version="3.0" name="com.example.LigneBonLivraisonServletTest" time="1.06" tests="2" errors="0" skipped="0" failures="0">
  <properties>
[...]
</properties>
  <testcase name="testQuantiteIsNotZero" classname="com.example.LigneBonLivraisonServletTest" time="0.959"/>
  <testcase name="testLibelleUnique" classname="com.example.LigneBonLivraisonServletTest" time="0.044"/>
</testsuite>